<?xml version="1.0" encoding="UTF-8" standalone="no"?>
<testsuite errors="0" failures="1" name="io.cucumber.core.plugin.JUnitFormatter" skipped="0" tests="1" time="14.516">
    <testcase classname="Register operations" name="Login User with incorrect email and password" time="14.226">
        <failure message="expected:&lt;Your email or password is incorrect!&gt; but was:&lt;[[ChromeDriver: chrome on WINDOWS (f56185670ffc3bbc9eb05a93a71dee05)] -&gt; xpath: //*[.='Your email or password is incorrect!']]&gt;" type="java.lang.AssertionError">
            <![CDATA[Given Launch browser........................................................passed
When Navigate to url AutomationExercise.....................................passed
Then Verify that home page is visible successfully..........................passed
And Click on Signup-Login button............................................passed
Given Verify Login to your account is visible...............................passed
And Enter incorrect email address and password..............................passed
And Click login button......................................................passed
Then Verify error Your email or password is incorrect! is visible...........failed

StackTrace:
java.lang.AssertionError: expected:<Your email or password is incorrect!> but was:<[[ChromeDriver: chrome on WINDOWS (f56185670ffc3bbc9eb05a93a71dee05)] -> xpath: //*[.='Your email or password is incorrect!']]]]><![CDATA[>
	at org.junit.Assert.fail(Assert.java:89)
	at org.junit.Assert.failNotEquals(Assert.java:835)
	at org.junit.Assert.assertEquals(Assert.java:120)
	at org.junit.Assert.assertEquals(Assert.java:146)
	at stepDefinitions.RegisterStepDefinitions.verifyErrorYourEmailOrPasswordIsIncorrectIsVisible(RegisterStepDefinitions.java:190)
	at âœ½.Verify error Your email or password is incorrect! is visible(file:///C:/Users/derdi/eclipse-workspace/AutomationExerciseProject/src/test/resources/features/Register.feature:41)
]]>
        </failure>
    </testcase>
</testsuite>
